<?xml version="1.0" encoding="UTF-8"?>
<!-- Generated by org.testng.reporters.JUnitReportReporter -->
<testsuite hostname="IN-C38Z9K3" failures="0" tests="1" name="Runner.TsetRunner" time="0.164" errors="0" timestamp="10 May 2022 10:07:55 GMT" skipped="0">
  <testcase classname="Runner.TsetRunner" name="feature" time="0.164"/>
</testsuite> <!-- Runner.TsetRunner -->
